

 LOG file opened at 08/17/19 15:28:20

Field Definitions for table AVENGER
  Record format DELIMITED BY NEWLINE
  Data in file has same endianness as the platform
  Rows with all null fields are accepted

  Fields in Data Source: 

    AVENGER_ID                      CHAR (255)
      Terminated by ","
      Enclosed by "'" and "'"
      Trim whitespace same as SQL Loader
    FIRST_NAME                      CHAR (255)
      Terminated by ","
      Enclosed by "'" and "'"
      Trim whitespace same as SQL Loader
    LAST_NAME                       CHAR (255)
      Terminated by ","
      Enclosed by "'" and "'"
      Trim whitespace same as SQL Loader
    CHARACTER_NAME                  CHAR (255)
      Terminated by ","
      Enclosed by "'" and "'"
      Trim whitespace same as SQL Loader


 LOG file opened at 08/17/19 15:33:33

Field Definitions for table AVENGER
  Record format DELIMITED BY NEWLINE
  Data in file has same endianness as the platform
  Rows with all null fields are accepted

  Fields in Data Source: 

    AVENGER_ID                      CHAR (255)
      Terminated by ","
      Enclosed by "'" and "'"
      Trim whitespace same as SQL Loader
    FIRST_NAME                      CHAR (255)
      Terminated by ","
      Enclosed by "'" and "'"
      Trim whitespace same as SQL Loader
    LAST_NAME                       CHAR (255)
      Terminated by ","
      Enclosed by "'" and "'"
      Trim whitespace same as SQL Loader
    CHARACTER_NAME                  CHAR (255)
      Terminated by ","
      Enclosed by "'" and "'"
      Trim whitespace same as SQL Loader


 LOG file opened at 08/17/19 17:02:48

Field Definitions for table AVENGER
  Record format DELIMITED BY NEWLINE
  Data in file has same endianness as the platform
  Rows with all null fields are accepted

  Fields in Data Source: 

    AVENGER_ID                      CHAR (255)
      Terminated by ","
      Enclosed by "'" and "'"
      Trim whitespace same as SQL Loader
    FIRST_NAME                      CHAR (255)
      Terminated by ","
      Enclosed by "'" and "'"
      Trim whitespace same as SQL Loader
    LAST_NAME                       CHAR (255)
      Terminated by ","
      Enclosed by "'" and "'"
      Trim whitespace same as SQL Loader
    CHARACTER_NAME                  CHAR (255)
      Terminated by ","
      Enclosed by "'" and "'"
      Trim whitespace same as SQL Loader
