

 LOG file opened at 08/17/19 15:28:20

Field Definitions for table FILE_LIST
  Record format DELIMITED BY NEWLINE
  Data in file has same endianness as the platform
  Rows with all null fields are accepted

  Fields in Data Source: 

    FILE_NAME                       CHAR (255)
      Terminated by ","
      Enclosed by "'" and "'"
      Trim whitespace same as SQL Loader


 LOG file opened at 08/17/19 15:33:33

Field Definitions for table FILE_LIST
  Record format DELIMITED BY NEWLINE
  Data in file has same endianness as the platform
  Rows with all null fields are accepted

  Fields in Data Source: 

    FILE_NAME                       CHAR (255)
      Terminated by ","
      Enclosed by "'" and "'"
      Trim whitespace same as SQL Loader


 LOG file opened at 08/17/19 17:06:40

Field Definitions for table FILE_LIST
  Record format DELIMITED BY NEWLINE
  Data in file has same endianness as the platform
  Rows with all null fields are accepted

  Fields in Data Source: 

    FILE_NAME                       CHAR (255)
      Terminated by ","
      Enclosed by "'" and "'"
      Trim whitespace same as SQL Loader
